<?xml version="1.0" encoding="UTF-8"?>
<!-- Generated by org.testng.reporters.JUnitXMLReporter -->
<testsuite hostname="LAPTOP-0E6UBLBC" ignored="0" name="Default test" tests="2" failures="0" timestamp="09 Nov 2019 12:10:01 GMT" time="52.474" errors="0">
  <testcase name="verifyContactspageTitleTest" time="4.024" classname="com.qa.hubspot.Tests.ContactspageTest"/>
  <testcase name="createContactsTest" time="14.086" classname="com.qa.hubspot.Tests.ContactspageTest"/>
</testsuite> <!-- Default test -->
